<?xml version="1.0" encoding="UTF-8"?>
<testsuite name="TestPartition" tests="1" skipped="0" failures="0" errors="0" timestamp="2018-02-14T18:50:12" hostname="benjamins-mbp.lan" time="0.029">
  <properties/>
  <testcase name="testGetCustomersWhoHaveMoreUndeliveredOrdersThanDelivered" classname="TestPartition" time="0.029"/>
  <system-out><![CDATA[]]></system-out>
  <system-err><![CDATA[]]></system-err>
</testsuite>
