<?xml version="1.0" encoding="UTF-8"?>
<testsuite name="TestSum" tests="1" skipped="0" failures="0" errors="0" timestamp="2018-02-06T21:43:26" hostname="benjamins-mbp.lan" time="0.028">
  <properties/>
  <testcase name="testGetTotalOrderPrice" classname="TestSum" time="0.028"/>
  <system-out><![CDATA[]]></system-out>
  <system-err><![CDATA[]]></system-err>
</testsuite>
