<?xml version="1.0" encoding="UTF-8"?>
<testsuite name="TestFlatMap" tests="2" skipped="0" failures="0" errors="0" timestamp="2018-02-06T21:21:06" hostname="benjamins-mbp.lan" time="0.04">
  <properties/>
  <testcase name="testGetOrderedProductsSet" classname="TestFlatMap" time="0.039"/>
  <testcase name="testGetAllOrderedProducts" classname="TestFlatMap" time="0.001"/>
  <system-out><![CDATA[]]></system-out>
  <system-err><![CDATA[]]></system-err>
</testsuite>
