<?xml version="1.0" encoding="UTF-8"?>
<testsuite name="TestDelegatesExamples" tests="2" skipped="0" failures="0" errors="0" timestamp="2018-02-17T21:05:34" hostname="benjamins-mbp.lan" time="0.01">
  <properties/>
  <testcase name="testLazy" classname="TestDelegatesExamples" time="0.009"/>
  <testcase name="initializedOnce" classname="TestDelegatesExamples" time="0.0"/>
  <system-out><![CDATA[]]></system-out>
  <system-err><![CDATA[]]></system-err>
</testsuite>
