<?xml version="1.0" encoding="UTF-8"?>
<testsuite name="TestHtmlBuilders" tests="2" skipped="0" failures="0" errors="0" timestamp="2018-02-17T22:04:58" hostname="benjamins-mbp.lan" time="0.036">
  <properties/>
  <testcase name="productTableIsColored" classname="TestHtmlBuilders" time="0.035"/>
  <testcase name="productTableIsFilled" classname="TestHtmlBuilders" time="0.001"/>
  <system-out><![CDATA[]]></system-out>
  <system-err><![CDATA[]]></system-err>
</testsuite>
