<?xml version="1.0" encoding="UTF-8"?>
<testsuite name="TestMultiAssignment" tests="1" skipped="0" failures="0" errors="0" timestamp="2018-02-03T18:19:45" hostname="benjamins-mbp.lan" time="0.003">
  <properties/>
  <testcase name="testIsLeapDay" classname="TestMultiAssignment" time="0.003"/>
  <system-out><![CDATA[]]></system-out>
  <system-err><![CDATA[]]></system-err>
</testsuite>
