<?xml version="1.0" encoding="UTF-8"?>
<testsuite name="TestGroupBy" tests="1" skipped="0" failures="0" errors="0" timestamp="2018-02-14T18:41:07" hostname="benjamins-mbp.lan" time="0.028">
  <properties/>
  <testcase name="testGroupCustomersByCity" classname="TestGroupBy" time="0.028"/>
  <system-out><![CDATA[]]></system-out>
  <system-err><![CDATA[]]></system-err>
</testsuite>
