<?xml version="1.0" encoding="UTF-8"?>
<testsuite name="TestFold" tests="1" skipped="0" failures="0" errors="0" timestamp="2018-02-14T19:24:12" hostname="benjamins-mbp.lan" time="0.028">
  <properties/>
  <testcase name="testGetProductsOrderedByAllCustomers" classname="TestFold" time="0.028"/>
  <system-out><![CDATA[]]></system-out>
  <system-err><![CDATA[]]></system-err>
</testsuite>
