<?xml version="1.0" encoding="UTF-8"?>
<testsuite name="TestDelegatesHowItWorks" tests="1" skipped="0" failures="0" errors="0" timestamp="2018-02-17T21:13:20" hostname="benjamins-mbp.lan" time="0.018">
  <properties/>
  <testcase name="testDate" classname="TestDelegatesHowItWorks" time="0.018"/>
  <system-out><![CDATA[]]></system-out>
  <system-err><![CDATA[]]></system-err>
</testsuite>
